0 info it worked if it ends with ok
1 verbose cli [ 'node',
1 verbose cli   '/usr/local/bin/npm',
1 verbose cli   'install',
1 verbose cli   'grunt-contrib-uglify',
1 verbose cli   '--save-dev' ]
2 info using npm@1.2.32
3 info using node@v0.10.12
4 verbose read json /Users/paulhoover/Documents/code/personal/html5/keke/package.json
5 warn package.json KekeGame@0.1.0 No repository field.
6 warn package.json KekeGame@0.1.0 No readme data.
7 verbose read json /Users/paulhoover/Documents/code/personal/html5/keke/node_modules/grunt/package.json
8 verbose read json /Users/paulhoover/Documents/code/personal/html5/keke/node_modules/grunt-connect/package.json
9 verbose read json /Users/paulhoover/Documents/code/personal/html5/keke/node_modules/grunt-contrib-concat/package.json
10 verbose read json /Users/paulhoover/Documents/code/personal/html5/keke/node_modules/grunt-contrib-copy/package.json
11 verbose read json /Users/paulhoover/Documents/code/personal/html5/keke/node_modules/uglify-js/package.json
12 verbose from cache /Users/paulhoover/Documents/code/personal/html5/keke/package.json
13 verbose readDependencies using package.json deps
14 verbose cache add [ 'grunt-contrib-uglify', null ]
15 verbose cache add name=undefined spec="grunt-contrib-uglify" args=["grunt-contrib-uglify",null]
16 verbose parsed url { protocol: null,
16 verbose parsed url   slashes: null,
16 verbose parsed url   auth: null,
16 verbose parsed url   host: null,
16 verbose parsed url   port: null,
16 verbose parsed url   hostname: null,
16 verbose parsed url   hash: null,
16 verbose parsed url   search: null,
16 verbose parsed url   query: null,
16 verbose parsed url   pathname: 'grunt-contrib-uglify',
16 verbose parsed url   path: 'grunt-contrib-uglify',
16 verbose parsed url   href: 'grunt-contrib-uglify' }
17 silly lockFile 9dabf0fb-grunt-contrib-uglify grunt-contrib-uglify
18 verbose lock grunt-contrib-uglify /Users/paulhoover/.npm/9dabf0fb-grunt-contrib-uglify.lock
19 silly lockFile 9dabf0fb-grunt-contrib-uglify grunt-contrib-uglify
20 silly lockFile 9dabf0fb-grunt-contrib-uglify grunt-contrib-uglify
21 verbose addNamed [ 'grunt-contrib-uglify', '' ]
22 verbose addNamed [ null, '' ]
23 silly lockFile 1f4692e4-grunt-contrib-uglify grunt-contrib-uglify@
24 verbose lock grunt-contrib-uglify@ /Users/paulhoover/.npm/1f4692e4-grunt-contrib-uglify.lock
25 silly addNameRange { name: 'grunt-contrib-uglify', range: '', hasData: false }
26 verbose url raw grunt-contrib-uglify
27 verbose url resolving [ 'https://registry.npmjs.org/', './grunt-contrib-uglify' ]
28 verbose url resolved https://registry.npmjs.org/grunt-contrib-uglify
29 info trying registry request attempt 1 at 17:21:48
30 verbose etag "96THAZ0L2CYVT3GAC2WJTEDAZ"
31 http GET https://registry.npmjs.org/grunt-contrib-uglify
32 http 304 https://registry.npmjs.org/grunt-contrib-uglify
33 silly registry.get cb [ 304,
33 silly registry.get   { date: 'Tue, 01 Apr 2014 21:21:50 GMT',
33 silly registry.get     server: 'Apache',
33 silly registry.get     via: '1.1 varnish',
33 silly registry.get     'last-modified': 'Tue, 01 Apr 2014 21:21:50 GMT',
33 silly registry.get     'cache-control': 'max-age=1',
33 silly registry.get     etag: '"96THAZ0L2CYVT3GAC2WJTEDAZ"',
33 silly registry.get     'x-served-by': 'cache-jfk1033-JFK',
33 silly registry.get     'x-cache': 'HIT',
33 silly registry.get     'x-cache-hits': '1',
33 silly registry.get     'x-timer': 'S1396387310.086338758,VS0,VE299',
33 silly registry.get     vary: 'Accept',
33 silly registry.get     'content-length': '0',
33 silly registry.get     'keep-alive': 'timeout=10, max=50',
33 silly registry.get     connection: 'Keep-Alive' } ]
34 verbose etag grunt-contrib-uglify from cache
35 silly addNameRange number 2 { name: 'grunt-contrib-uglify', range: '', hasData: true }
36 silly addNameRange versions [ 'grunt-contrib-uglify',
36 silly addNameRange   [ '0.1.0',
36 silly addNameRange     '0.1.1',
36 silly addNameRange     '0.1.2',
36 silly addNameRange     '0.2.0',
36 silly addNameRange     '0.2.1',
36 silly addNameRange     '0.2.2',
36 silly addNameRange     '0.2.3',
36 silly addNameRange     '0.2.4',
36 silly addNameRange     '0.2.5',
36 silly addNameRange     '0.2.6',
36 silly addNameRange     '0.2.7',
36 silly addNameRange     '0.3.0',
36 silly addNameRange     '0.3.1',
36 silly addNameRange     '0.1.1-rc5',
36 silly addNameRange     '0.1.1-rc6',
36 silly addNameRange     '0.3.2',
36 silly addNameRange     '0.3.3',
36 silly addNameRange     '0.4.0' ] ]
37 verbose addNamed [ 'grunt-contrib-uglify', '0.4.0' ]
38 verbose addNamed [ '0.4.0', '0.4.0' ]
39 silly lockFile a0aad41b-grunt-contrib-uglify-0-4-0 grunt-contrib-uglify@0.4.0
40 verbose lock grunt-contrib-uglify@0.4.0 /Users/paulhoover/.npm/a0aad41b-grunt-contrib-uglify-0-4-0.lock
41 verbose read json /Users/paulhoover/.npm/grunt-contrib-uglify/0.4.0/package/package.json
42 silly lockFile a0aad41b-grunt-contrib-uglify-0-4-0 grunt-contrib-uglify@0.4.0
43 silly lockFile a0aad41b-grunt-contrib-uglify-0-4-0 grunt-contrib-uglify@0.4.0
44 silly lockFile 1f4692e4-grunt-contrib-uglify grunt-contrib-uglify@
45 silly lockFile 1f4692e4-grunt-contrib-uglify grunt-contrib-uglify@
46 silly resolved [ { name: 'grunt-contrib-uglify',
46 silly resolved     description: 'Minify files with UglifyJS.',
46 silly resolved     version: '0.4.0',
46 silly resolved     homepage: 'https://github.com/gruntjs/grunt-contrib-uglify',
46 silly resolved     author: { name: 'Grunt Team', url: 'http://gruntjs.com/' },
46 silly resolved     repository:
46 silly resolved      { type: 'git',
46 silly resolved        url: 'git://github.com/gruntjs/grunt-contrib-uglify.git' },
46 silly resolved     bugs: { url: 'https://github.com/gruntjs/grunt-contrib-uglify/issues' },
46 silly resolved     licenses: [ [Object] ],
46 silly resolved     engines: { node: '>=0.10.0' },
46 silly resolved     scripts: { test: 'grunt test' },
46 silly resolved     dependencies: { 'uglify-js': '^2.4.0', chalk: '^0.4.0', maxmin: '^0.1.0' },
46 silly resolved     devDependencies:
46 silly resolved      { 'grunt-contrib-jshint': '^0.8.0',
46 silly resolved        'grunt-contrib-nodeunit': '^0.3.2',
46 silly resolved        'grunt-contrib-clean': '^0.5.0',
46 silly resolved        'grunt-contrib-internal': '^0.4.2',
46 silly resolved        grunt: '^0.4.2' },
46 silly resolved     peerDependencies: { grunt: '^0.4.0' },
46 silly resolved     keywords: [ 'gruntplugin' ],
46 silly resolved     files: [ 'tasks', 'LICENSE-MIT' ],
46 silly resolved     readme: '# grunt-contrib-uglify v0.4.0 [![Build Status](https://travis-ci.org/gruntjs/grunt-contrib-uglify.png?branch=master)](https://travis-ci.org/gruntjs/grunt-contrib-uglify)\n\n> Minify files with UglifyJS.\n\n\n\n## Getting Started\nThis plugin requires Grunt `^0.4.0`\n\nIf you haven\'t used [Grunt](http://gruntjs.com/) before, be sure to check out the [Getting Started](http://gruntjs.com/getting-started) guide, as it explains how to create a [Gruntfile](http://gruntjs.com/sample-gruntfile) as well as install and use Grunt plugins. Once you\'re familiar with that process, you may install this plugin with this command:\n\n```shell\nnpm install grunt-contrib-uglify --save-dev\n```\n\nOnce the plugin has been installed, it may be enabled inside your Gruntfile with this line of JavaScript:\n\n```js\ngrunt.loadNpmTasks(\'grunt-contrib-uglify\');\n```\n\n\n\n\n## Uglify task\n_Run this task with the `grunt uglify` command._\n\nTask targets, files and options may be specified according to the grunt [Configuring tasks](http://gruntjs.com/configuring-tasks) guide.\n\n### Migrating from 2.x to 3.x\n\nVersion `3.x` introduced changes to configuring source maps. Accordingly, if you don\'t use the source map options you should be able to upgrade seamlessly. If you do use source maps, see below.\n\n#### Removed options\n\n`sourceMapRoot` - The location of your sources is now calculated for you when `sourceMap` is set to `true`  \n`sourceMapPrefix` - No longer necessary for the above reason  \n`sourceMappingURL` - Once again, this is calculated automatically\n\n#### Changed options\n\n`sourceMap` - Only accepts a `Boolean` value. Generates a map with a default name for you  \n\n#### New options\n\n`sourceMapName` - Accepts a string or function to change the location or name of your map\n`sourceMapIncludeSources` - Embed the content of your source files directly into the map\n\n### Options\n\nThis task primarily delegates to [UglifyJS2][], so please consider the [UglifyJS documentation][] as required reading for advanced configuration.\n\n[UglifyJS2]: https://github.com/mishoo/UglifyJS2\n[UglifyJS documentation]: http://lisperator.net/uglifyjs/\n\n#### mangle\nType: `Boolean` `Object`  \nDefault: `{}`\n\nTurn on or off mangling with default options. If an `Object` is specified, it is passed directly to `ast.mangle_names()` *and* `ast.compute_char_frequency()` (mimicking command line behavior).\n\n#### compress\nType: `Boolean` `Object`  \nDefault: `{}`\n\nTurn on or off source compression with default options. If an `Object` is specified, it is passed as options to `UglifyJS.Compressor()`.\n\n#### beautify\nType: `Boolean` `Object`  \nDefault: `false`\n\nTurns on beautification of the generated source code. An `Object` will be merged and passed with the options sent to `UglifyJS.OutputStream()`\n\n#### report\nChoices: `\'min\'`, `\'gzip\'`  \nDefault: `\'min\'`\n\nEither report only minification result or report minification and gzip results.\nThis is useful to see exactly how well clean-css is performing but using `\'gzip\'` will make the task take 5-10x longer to complete. [Example output](https://github.com/sindresorhus/maxmin#readme).\n\n#### sourceMap\nType: `Boolean`  \nDefault: `false`\n\nIf `true`, a source map file will be generated in the same directory as the `dest` file. By default it will have the same basename as the `dest` file, but with a `.map` extension.\n\n#### sourceMapName\nType: `String`  `Function`  \nDefault: `undefined`\n\nTo customize the name or location of the generated source map, pass a string to indicate where to write the source map to. If a function is provided, the uglify destination is passed as the argument and the return value will be used as the file name.\n\n#### sourceMapIn\nType: `String`  `Function`  \nDefault: `undefined`\n\nThe location of an input source map from an earlier compilation, e.g. from CoffeeScript. If a function is provided, the\nuglify source is passed as the argument and the return value will be used as the sourceMap name. This only makes sense\nwhen there\'s one source file.\n\n#### sourceMapIncludeSources\nType: `Boolean`\nDefault: `false`\n\nPass this flag if you want to include the content of source files in the source map as sourcesContent property.\n\n###### enclose\nType: `Object`  \nDefault: `undefined`\n\nWrap all of the code in a closure with a configurable arguments/parameters list.\nEach key-value pair in the `enclose` object is effectively an argument-parameter pair.\n\n#### wrap\nType: `String`  \nDefault: `undefined`\n\nWrap all of the code in a closure, an easy way to make sure nothing is leaking.\nFor variables that need to be public `exports` and `global` variables are made available.\nThe value of wrap is the global variable exports will be available as.\n\n#### exportAll\nType: `Boolean`  \nDefault: `false`\n\nWhen using `wrap` this will make all global functions and variables available via the export variable.\n\n#### preserveComments\nType: `Boolean` `String` `Function`  \nDefault: `undefined`  \nOptions: `false` `\'all\'` `\'some\'`\n\nTurn on preservation of comments.\n\n- `false` will strip all comments\n- `\'all\'` will preserve all comments in code blocks that have not been squashed or dropped\n- `\'some\'` will preserve all comments that start with a bang (`!`) or include a closure compiler style directive (`@preserve` `@license` `@cc_on`)\n- `Function` specify your own comment preservation function. You will be passed the current node and the current comment and are expected to return either `true` or `false`\n\n#### banner\nType: `String`  \nDefault: empty string\n\nThis string will be prepended to the minified output.  Template strings (e.g. `<%= config.value %>` will be expanded automatically.\n\n#### footer\nType: `String`  \nDefault: empty string\n\nThis string will be appended to the minified output.  Template strings (e.g. `<%= config.value %>` will be expanded automatically.\n\n### Usage examples\n\n#### Basic compression\n\nThis configuration will compress and mangle the input files using the default options.\n\n```js\n// Project configuration.\ngrunt.initConfig({\n  uglify: {\n    my_target: {\n      files: {\n        \'dest/output.min.js\': [\'src/input1.js\', \'src/input2.js\']\n      }\n    }\n  }\n});\n```\n\n#### No mangling\n\nSpecify `mangle: false` to prevent changes to your variable and function names.\n\n```js\n// Project configuration.\ngrunt.initConfig({\n  uglify: {\n    options: {\n      mangle: false\n    },\n    my_target: {\n      files: {\n        \'dest/output.min.js\': [\'src/input.js\']\n      }\n    }\n  }\n});\n```\n\n#### Reserved identifiers\n\nYou can specify identifiers to leave untouched with an `except` array in the `mangle` options.\n\n```js\n// Project configuration.\ngrunt.initConfig({\n  uglify: {\n    options: {\n      mangle: {\n        except: [\'jQuery\', \'Backbone\']\n      }\n    },\n    my_target: {\n      files: {\n        \'dest/output.min.js\': [\'src/input.js\']\n      }\n    }\n  }\n});\n```\n\n#### Source maps\n\nGenerate a source map by setting the `sourceMap` option to `true`. The generated\nsource map will be in the same directory as the destination file. Its name will be the\nbasename of the destination file with a `.map` extension. Override these\ndefaults with the `sourceMapName` attribute.\n\n```js\n// Project configuration.\ngrunt.initConfig({\n  uglify: {\n    my_target: {\n      options: {\n        sourceMap: true,\n        sourceMapName: \'path/to/sourcemap.map\'\n      },\n      files: {\n        \'dest/output.min.js\': [\'src/input.js\']\n      }\n    }\n  }\n});\n```\n\n#### Advanced source maps\n\nSet the `sourceMapIncludeSources` option to `true` to embed your sources directly into the map. To include\na source map from a previous compilation pass it as the value of the `sourceMapIn` option.\n\n```js\n// Project configuration.\ngrunt.initConfig({\n  uglify: {\n    my_target: {\n      options: {\n        sourceMap: true,\n        sourceMapIncludeSources: true,\n        sourceMapIn: \'example/coffeescript-sourcemap.js\', // input sourcemap from a previous compilation\n      },\n      files: {\n        \'dest/output.min.js\': [\'src/input.js\'],\n      },\n    },\n  },\n});\n```\n\nRefer to the [UglifyJS SourceMap Documentation](http://lisperator.net/uglifyjs/codegen#source-map) for more information.\n\n\n#### Discard console.* functions\n\nSpecify `drop_console: true` as part of the `compress` options to discard calls to `console.*` functions.\n\n```js\n// Project configuration.\ngrunt.initConfig({\n  uglify: {\n    options: {\n      compress: {\n        drop_console: true\n      }\n    },\n    my_target: {\n      files: {\n        \'dest/output.min.js\': [\'src/input.js\']\n      }\n    }\n  }\n});\n```\n\n#### Beautify\n\nSpecify `beautify: true` to beautify your code for debugging/troubleshooting purposes.\nPass an object to manually configure any other output options passed directly to `UglifyJS.OutputStream()`.\n\nSee [UglifyJS Codegen documentation](http://lisperator.net/uglifyjs/codegen) for more information.\n\n_Note that manual configuration will require you to explicitly set `beautify: true` if you want traditional, beautified output._\n\n```js\n// Project configuration.\ngrunt.initConfig({\n  uglify: {\n    my_target: {\n      options: {\n        beautify: true\n      },\n      files: {\n        \'dest/output.min.js\': [\'src/input.js\']\n      }\n    },\n    my_advanced_target: {\n      options: {\n        beautify: {\n          width: 80,\n          beautify: true\n        }\n      },\n      files: {\n        \'dest/output.min.js\': [\'src/input.js\']\n      }\n    }\n  }\n});\n```\n\n#### Banner comments\n\nIn this example, running `grunt uglify:my_target` will prepend a banner created by interpolating the `banner` template string with the config object. Here, those properties are the values imported from the `package.json` file (which are available via the `pkg` config property) plus today\'s date.\n\n_Note: you don\'t have to use an external JSON file. It\'s also valid to create the `pkg` object inline in the config. That being said, if you already have a JSON file, you might as well reference it._\n\n```js\n// Project configuration.\ngrunt.initConfig({\n  pkg: grunt.file.readJSON(\'package.json\'),\n  uglify: {\n    options: {\n      banner: \'/*! <%= pkg.name %> - v<%= pkg.version %> - \' +\n        \'<%= grunt.template.today("yyyy-mm-dd") %> */\'\n    },\n    my_target: {\n      files: {\n        \'dest/output.min.js\': [\'src/input.js\']\n      }\n    }\n  }\n});\n```\n\n#### Conditional compilation\n\nYou can also enable UglifyJS conditional compilation. This is commonly used to remove debug code blocks for production builds.\n\nSee [UglifyJS global definitions documentation](http://lisperator.net/uglifyjs/compress#global-defs) for more information.\n\n```js\n// Project configuration.\ngrunt.initConfig({\n  uglify: {\n    options: {\n      compress: {\n        global_defs: {\n          "DEBUG": false\n        },\n        dead_code: true\n      }\n    },\n    my_target: {\n      files: {\n        \'dest/output.min.js\': [\'src/input.js\']\n      }\n    }\n  }\n});\n```\n#### Compiling all files in a folder dynamically\n\nThis configuration will compress and mangle the files dynamically.\n\n```js\n// Project configuration.\ngrunt.initConfig({\n  uglify: {\n    my_target: {\n      files: [{\n          expand: true,\n          cwd: \'src/js\',\n          src: \'**/*.js\',\n          dest: \'dest/js\'\n      }]\n    }\n  }\n});\n```\n\n\n## Release History\n\n * 2014-02-27   v0.3.3   remove unnecessary calls to `grunt.template.process`\n * 2014-01-22   v0.3.2   fix handling of `sourceMapIncludeSources` option.\n * 2014-01-20   v0.3.1   fix relative path issue in sourcemaps\n * 2014-01-16   v0.3.0   refactor sourcemap support\n * 2013-11-09   v0.2.7   prepending banner if sourceMap option not set, addresses\n * 2013-11-08   v0.2.6   merged 45, 53, 85 (105 by way of duping 53) Added support for banners in uglified files with sourcemaps Updated docs\n * 2013-10-28   v0.2.5   Added warning for banners when using sourcemaps\n * 2013-09-02   v0.2.4   updated sourcemap format via /83\n * 2013-06-10   v0.2.3   added footer option\n * 2013-05-31   v0.2.2   Reverted /56 due to /58 until [chrome/239660](https://code.google.com/p/chromium/issues/detail?id=239660&q=sourcemappingurl&colspec=ID%20Pri%20M%20Iteration%20ReleaseBlock%20Cr%20Status%20Owner%20Summary%20OS%20Modified) [firefox/870361](https://bugzilla.mozilla.org/show_bug.cgi?id=870361) drop\n * 2013-05-22   v0.2.1   Bumped uglify to ~2.3.5 /55 /40 Changed sourcemappingUrl syntax /56 Disabled sorting of names for consistent mangling /44 Updated docs for sourceMapRoot /47 /25\n * 2013-03-14   v0.2.0   No longer report gzip results by default. Support `report` option.\n * 2013-01-30   v0.1.2   Added better error reporting Support for dynamic names of multiple sourcemaps\n * 2013-02-15   v0.1.1   First official release for Grunt 0.4.0.\n * 2013-01-18   v0.1.1rc6   Updating grunt/gruntplugin dependencies to rc6. Changing in-development grunt/gruntplugin dependency versions from tilde version ranges to specific versions.\n * 2013-01-09   v0.1.1rc5   Updating to work with grunt v0.4.0rc5. Switching back to this.files api.\n * 2012-11-28   v0.1.0   Work in progress, not yet officially released.\n\n---\n\nTask submitted by ["Cowboy" Ben Alman](http://benalman.com)\n\n*This file was generated on Sat Mar 01 2014 20:36:24.*\n',
46 silly resolved     readmeFilename: 'README.md',
46 silly resolved     _id: 'grunt-contrib-uglify@0.4.0',
46 silly resolved     _from: 'grunt-contrib-uglify@' } ]
47 info install grunt-contrib-uglify@0.4.0 into /Users/paulhoover/Documents/code/personal/html5/keke
48 info installOne grunt-contrib-uglify@0.4.0
49 verbose from cache /Users/paulhoover/.npm/grunt-contrib-uglify/0.4.0/package/package.json
50 info /Users/paulhoover/Documents/code/personal/html5/keke/node_modules/grunt-contrib-uglify unbuild
51 verbose read json /Users/paulhoover/Documents/code/personal/html5/keke/node_modules/grunt-contrib-uglify/package.json
52 verbose tar unpack /Users/paulhoover/.npm/grunt-contrib-uglify/0.4.0/package.tgz
53 silly lockFile 49d2191d-ode-modules-grunt-contrib-uglify tar:///Users/paulhoover/Documents/code/personal/html5/keke/node_modules/grunt-contrib-uglify
54 verbose lock tar:///Users/paulhoover/Documents/code/personal/html5/keke/node_modules/grunt-contrib-uglify /Users/paulhoover/.npm/49d2191d-ode-modules-grunt-contrib-uglify.lock
55 silly lockFile a33d77d9-contrib-uglify-0-4-0-package-tgz tar:///Users/paulhoover/.npm/grunt-contrib-uglify/0.4.0/package.tgz
56 verbose lock tar:///Users/paulhoover/.npm/grunt-contrib-uglify/0.4.0/package.tgz /Users/paulhoover/.npm/a33d77d9-contrib-uglify-0-4-0-package-tgz.lock
57 silly gunzTarPerm modes [ '755', '644' ]
58 silly gunzTarPerm extractEntry package.json
59 silly gunzTarPerm extractEntry README.md
60 silly gunzTarPerm extractEntry LICENSE-MIT
61 silly gunzTarPerm extractEntry tasks/uglify.js
62 silly gunzTarPerm extractEntry tasks/lib/uglify.js
63 verbose read json /Users/paulhoover/Documents/code/personal/html5/keke/node_modules/grunt-contrib-uglify/package.json
64 silly lockFile 49d2191d-ode-modules-grunt-contrib-uglify tar:///Users/paulhoover/Documents/code/personal/html5/keke/node_modules/grunt-contrib-uglify
65 silly lockFile 49d2191d-ode-modules-grunt-contrib-uglify tar:///Users/paulhoover/Documents/code/personal/html5/keke/node_modules/grunt-contrib-uglify
66 silly lockFile a33d77d9-contrib-uglify-0-4-0-package-tgz tar:///Users/paulhoover/.npm/grunt-contrib-uglify/0.4.0/package.tgz
67 silly lockFile a33d77d9-contrib-uglify-0-4-0-package-tgz tar:///Users/paulhoover/.npm/grunt-contrib-uglify/0.4.0/package.tgz
68 info preinstall grunt-contrib-uglify@0.4.0
69 verbose from cache /Users/paulhoover/Documents/code/personal/html5/keke/node_modules/grunt-contrib-uglify/package.json
70 verbose readDependencies using package.json deps
71 verbose from cache /Users/paulhoover/Documents/code/personal/html5/keke/node_modules/grunt-contrib-uglify/package.json
72 verbose readDependencies using package.json deps
73 verbose cache add [ 'uglify-js@^2.4.0', null ]
74 verbose cache add name=undefined spec="uglify-js@^2.4.0" args=["uglify-js@^2.4.0",null]
75 verbose parsed url { protocol: null,
75 verbose parsed url   slashes: null,
75 verbose parsed url   auth: null,
75 verbose parsed url   host: null,
75 verbose parsed url   port: null,
75 verbose parsed url   hostname: null,
75 verbose parsed url   hash: null,
75 verbose parsed url   search: null,
75 verbose parsed url   query: null,
75 verbose parsed url   pathname: 'uglify-js@^2.4.0',
75 verbose parsed url   path: 'uglify-js@^2.4.0',
75 verbose parsed url   href: 'uglify-js@^2.4.0' }
76 verbose cache add name="uglify-js" spec="^2.4.0" args=["uglify-js","^2.4.0"]
77 verbose parsed url { protocol: null,
77 verbose parsed url   slashes: null,
77 verbose parsed url   auth: null,
77 verbose parsed url   host: null,
77 verbose parsed url   port: null,
77 verbose parsed url   hostname: null,
77 verbose parsed url   hash: null,
77 verbose parsed url   search: null,
77 verbose parsed url   query: null,
77 verbose parsed url   pathname: '^2.4.0',
77 verbose parsed url   path: '^2.4.0',
77 verbose parsed url   href: '^2.4.0' }
78 verbose addNamed [ 'uglify-js', '^2.4.0' ]
79 verbose addNamed [ null, null ]
80 silly lockFile 0517be62-uglify-js-2-4-0 uglify-js@^2.4.0
81 verbose lock uglify-js@^2.4.0 /Users/paulhoover/.npm/0517be62-uglify-js-2-4-0.lock
82 verbose cache add [ 'chalk@^0.4.0', null ]
83 verbose cache add name=undefined spec="chalk@^0.4.0" args=["chalk@^0.4.0",null]
84 verbose parsed url { protocol: null,
84 verbose parsed url   slashes: null,
84 verbose parsed url   auth: null,
84 verbose parsed url   host: null,
84 verbose parsed url   port: null,
84 verbose parsed url   hostname: null,
84 verbose parsed url   hash: null,
84 verbose parsed url   search: null,
84 verbose parsed url   query: null,
84 verbose parsed url   pathname: 'chalk@^0.4.0',
84 verbose parsed url   path: 'chalk@^0.4.0',
84 verbose parsed url   href: 'chalk@^0.4.0' }
85 verbose cache add name="chalk" spec="^0.4.0" args=["chalk","^0.4.0"]
86 verbose parsed url { protocol: null,
86 verbose parsed url   slashes: null,
86 verbose parsed url   auth: null,
86 verbose parsed url   host: null,
86 verbose parsed url   port: null,
86 verbose parsed url   hostname: null,
86 verbose parsed url   hash: null,
86 verbose parsed url   search: null,
86 verbose parsed url   query: null,
86 verbose parsed url   pathname: '^0.4.0',
86 verbose parsed url   path: '^0.4.0',
86 verbose parsed url   href: '^0.4.0' }
87 verbose addNamed [ 'chalk', '^0.4.0' ]
88 verbose addNamed [ null, null ]
89 silly lockFile b2f4396d-chalk-0-4-0 chalk@^0.4.0
90 verbose lock chalk@^0.4.0 /Users/paulhoover/.npm/b2f4396d-chalk-0-4-0.lock
91 info addNameTag [ 'uglify-js', '^2.4.0' ]
92 verbose cache add [ 'maxmin@^0.1.0', null ]
93 verbose cache add name=undefined spec="maxmin@^0.1.0" args=["maxmin@^0.1.0",null]
94 verbose parsed url { protocol: null,
94 verbose parsed url   slashes: null,
94 verbose parsed url   auth: null,
94 verbose parsed url   host: null,
94 verbose parsed url   port: null,
94 verbose parsed url   hostname: null,
94 verbose parsed url   hash: null,
94 verbose parsed url   search: null,
94 verbose parsed url   query: null,
94 verbose parsed url   pathname: 'maxmin@^0.1.0',
94 verbose parsed url   path: 'maxmin@^0.1.0',
94 verbose parsed url   href: 'maxmin@^0.1.0' }
95 verbose cache add name="maxmin" spec="^0.1.0" args=["maxmin","^0.1.0"]
96 verbose parsed url { protocol: null,
96 verbose parsed url   slashes: null,
96 verbose parsed url   auth: null,
96 verbose parsed url   host: null,
96 verbose parsed url   port: null,
96 verbose parsed url   hostname: null,
96 verbose parsed url   hash: null,
96 verbose parsed url   search: null,
96 verbose parsed url   query: null,
96 verbose parsed url   pathname: '^0.1.0',
96 verbose parsed url   path: '^0.1.0',
96 verbose parsed url   href: '^0.1.0' }
97 verbose addNamed [ 'maxmin', '^0.1.0' ]
98 verbose addNamed [ null, null ]
99 silly lockFile c75f66b7-maxmin-0-1-0 maxmin@^0.1.0
100 verbose lock maxmin@^0.1.0 /Users/paulhoover/.npm/c75f66b7-maxmin-0-1-0.lock
101 info addNameTag [ 'chalk', '^0.4.0' ]
102 info addNameTag [ 'maxmin', '^0.1.0' ]
103 verbose url raw chalk
104 verbose url resolving [ 'https://registry.npmjs.org/', './chalk' ]
105 verbose url resolved https://registry.npmjs.org/chalk
106 info trying registry request attempt 1 at 17:21:50
107 verbose etag "3V4VJY6HS6ON1MUAIL0SOBDPP"
108 http GET https://registry.npmjs.org/chalk
109 verbose url raw maxmin
110 verbose url resolving [ 'https://registry.npmjs.org/', './maxmin' ]
111 verbose url resolved https://registry.npmjs.org/maxmin
112 info trying registry request attempt 1 at 17:21:50
113 verbose etag "CU3FBA9YPYS9NNNACWCMO10W0"
114 http GET https://registry.npmjs.org/maxmin
115 verbose url raw uglify-js
116 verbose url resolving [ 'https://registry.npmjs.org/', './uglify-js' ]
117 verbose url resolved https://registry.npmjs.org/uglify-js
118 info trying registry request attempt 1 at 17:21:50
119 verbose etag "CKRHRMFRV0C89HFUTIN1O0A8L"
120 http GET https://registry.npmjs.org/uglify-js
121 http 304 https://registry.npmjs.org/chalk
122 silly registry.get cb [ 304,
122 silly registry.get   { date: 'Tue, 01 Apr 2014 21:21:50 GMT',
122 silly registry.get     server: 'Apache',
122 silly registry.get     via: '1.1 varnish',
122 silly registry.get     'last-modified': 'Tue, 01 Apr 2014 21:21:47 GMT',
122 silly registry.get     'cache-control': 'max-age=1',
122 silly registry.get     etag: '"3V4VJY6HS6ON1MUAIL0SOBDPP"',
122 silly registry.get     'x-served-by': 'cache-jfk1024-JFK',
122 silly registry.get     'x-cache': 'HIT',
122 silly registry.get     'x-cache-hits': '3',
122 silly registry.get     'x-timer': 'S1396387310.581074953,VS0,VE0',
122 silly registry.get     vary: 'Accept',
122 silly registry.get     'content-length': '0',
122 silly registry.get     'keep-alive': 'timeout=10, max=50',
122 silly registry.get     connection: 'Keep-Alive' } ]
123 verbose etag chalk from cache
124 http 304 https://registry.npmjs.org/uglify-js
125 silly registry.get cb [ 304,
125 silly registry.get   { date: 'Tue, 01 Apr 2014 21:21:50 GMT',
125 silly registry.get     server: 'Apache',
125 silly registry.get     via: '1.1 varnish',
125 silly registry.get     'last-modified': 'Tue, 01 Apr 2014 21:21:50 GMT',
125 silly registry.get     'cache-control': 'max-age=1',
125 silly registry.get     etag: '"CKRHRMFRV0C89HFUTIN1O0A8L"',
125 silly registry.get     'x-served-by': 'cache-jfk1021-JFK',
125 silly registry.get     'x-cache': 'HIT',
125 silly registry.get     'x-cache-hits': '1',
125 silly registry.get     'x-timer': 'S1396387310.581050873,VS0,VE1',
125 silly registry.get     vary: 'Accept',
125 silly registry.get     'content-length': '0',
125 silly registry.get     'keep-alive': 'timeout=10, max=50',
125 silly registry.get     connection: 'Keep-Alive' } ]
126 verbose etag uglify-js from cache
127 silly lockFile b2f4396d-chalk-0-4-0 chalk@^0.4.0
128 silly lockFile b2f4396d-chalk-0-4-0 chalk@^0.4.0
129 silly lockFile 0517be62-uglify-js-2-4-0 uglify-js@^2.4.0
130 silly lockFile 0517be62-uglify-js-2-4-0 uglify-js@^2.4.0
131 verbose about to build /Users/paulhoover/Documents/code/personal/html5/keke/node_modules/grunt-contrib-uglify
132 info /Users/paulhoover/Documents/code/personal/html5/keke/node_modules/grunt-contrib-uglify unbuild
133 verbose from cache /Users/paulhoover/Documents/code/personal/html5/keke/node_modules/grunt-contrib-uglify/package.json
134 info preuninstall grunt-contrib-uglify@0.4.0
135 info uninstall grunt-contrib-uglify@0.4.0
136 verbose true,/Users/paulhoover/Documents/code/personal/html5/keke/node_modules,/Users/paulhoover/Documents/code/personal/html5/keke/node_modules unbuild grunt-contrib-uglify@0.4.0
137 info postuninstall grunt-contrib-uglify@0.4.0
138 error Error: No compatible version found: chalk@'^0.4.0'
138 error Valid install targets:
138 error ["0.1.0","0.1.1","0.2.0","0.2.1","0.3.0","0.4.0"]
138 error     at installTargetsError (/usr/local/Cellar/node/0.10.12/lib/node_modules/npm/lib/cache.js:719:10)
138 error     at /usr/local/Cellar/node/0.10.12/lib/node_modules/npm/lib/cache.js:641:10
138 error     at saved (/usr/local/Cellar/node/0.10.12/lib/node_modules/npm/node_modules/npm-registry-client/lib/get.js:138:7)
138 error     at Object.oncomplete (fs.js:107:15)
139 error If you need help, you may report this log at:
139 error     <http://github.com/isaacs/npm/issues>
139 error or email it to:
139 error     <npm-@googlegroups.com>
140 error System Darwin 13.1.0
141 error command "node" "/usr/local/bin/npm" "install" "grunt-contrib-uglify" "--save-dev"
142 error cwd /Users/paulhoover/Documents/code/personal/html5/keke
143 error node -v v0.10.12
144 error npm -v 1.2.32
145 verbose exit [ 1, true ]
